<?xml version="1.0" encoding="UTF-8"?>
<testng-results ignored="0" total="1" passed="1" failed="0" skipped="0">
  <reporter-output>
  </reporter-output>
  <suite started-at="2025-06-30T18:13:03 IST" name="Default suite" finished-at="2025-06-30T18:13:22 IST" duration-ms="18998">
    <groups>
    </groups>
    <test started-at="2025-06-30T18:13:03 IST" name="Default test" finished-at="2025-06-30T18:13:22 IST" duration-ms="18998">
      <class name="com.qa.testscripts.Simpleprogram">
        <test-method is-config="true" signature="SetUp()[pri:0, instance:com.qa.testscripts.Simpleprogram@b3ca52e]" started-at="2025-06-30T18:13:03 IST" name="SetUp" finished-at="2025-06-30T18:13:11 IST" duration-ms="8540" status="PASS">
          <reporter-output>
          </reporter-output>
        </test-method> <!-- SetUp -->
        <test-method signature="LoginFun()[pri:0, instance:com.qa.testscripts.Simpleprogram@b3ca52e]" started-at="2025-06-30T18:13:11 IST" name="LoginFun" finished-at="2025-06-30T18:13:21 IST" duration-ms="9840" status="PASS">
          <reporter-output>
          </reporter-output>
        </test-method> <!-- LoginFun -->
        <test-method is-config="true" signature="tearDown()[pri:0, instance:com.qa.testscripts.Simpleprogram@b3ca52e]" started-at="2025-06-30T18:13:21 IST" name="tearDown" finished-at="2025-06-30T18:13:22 IST" duration-ms="345" status="PASS">
          <reporter-output>
          </reporter-output>
        </test-method> <!-- tearDown -->
      </class> <!-- com.qa.testscripts.Simpleprogram -->
    </test> <!-- Default test -->
  </suite> <!-- Default suite -->
</testng-results>
